<?xml version="1.0" encoding="UTF-8"?>
<!-- Generated by org.testng.reporters.JUnitXMLReporter -->
<testsuite ignored="0" hostname="DESKTOP-207AJHH" failures="0" tests="3" name="Test All_Product_List_POST_Request" time="7.09" errors="0" timestamp="2021-11-28T11:26:03 IST">
  <testcase classname="Products.All_Product_List_POST_Request" name="verifyResponseBodyValueForRequest" time="1.362"/>
  <testcase classname="Products.All_Product_List_POST_Request" name="verifyResponseHeaderValue" time="0.008"/>
  <testcase classname="Products.All_Product_List_POST_Request" name="verifyStatusCode" time="0.005"/>
</testsuite> <!-- Test All_Product_List_POST_Request -->
