<?xml version="1.0" encoding="UTF-8"?>
<!-- Generated by org.testng.reporters.JUnitXMLReporter -->
<testsuite ignored="0" hostname="DESKTOP-207AJHH" failures="0" tests="3" name="Test All_Brand_List_GET_Request" time="8.387" errors="0" timestamp="2021-11-28T11:42:42 IST">
  <testcase classname="Brands.All_Brand_List_GET_Request" name="verifyResponseBodyValueForRequest" time="1.708"/>
  <testcase classname="Brands.All_Brand_List_GET_Request" name="verifyResponseHeaderValue" time="0.004"/>
  <testcase classname="Brands.All_Brand_List_GET_Request" name="verifyStatusCode" time="0.014"/>
</testsuite> <!-- Test All_Brand_List_GET_Request -->
