<?xml version="1.0" encoding="UTF-8"?>
<!-- Generated by org.testng.reporters.JUnitXMLReporter -->
<testsuite ignored="0" hostname="DESKTOP-207AJHH" failures="0" tests="2" name="Test All_Brand_List_PUT_Request" time="7.401" errors="0" timestamp="2021-11-28T17:19:56 IST">
  <testcase classname="Brands.All_Brand_List_PUT_Request" name="verifyResponseBodyValue" time="1.539"/>
  <testcase classname="Brands.All_Brand_List_PUT_Request" name="verifyStatusCode" time="0.012"/>
</testsuite> <!-- Test All_Brand_List_PUT_Request -->
