<?xml version="1.0" encoding="UTF-8"?>
<!-- Generated by org.testng.reporters.JUnitXMLReporter -->
<testsuite ignored="0" hostname="DESKTOP-207AJHH" failures="0" tests="3" name="Test All_Product_List_GET_Request" time="7.451" errors="0" timestamp="2021-11-27T23:52:34 IST">
  <testcase classname="Products.All_Product_List_GET_Request" name="verifyResponseBodyValueForRequest" time="1.682"/>
  <testcase classname="Products.All_Product_List_GET_Request" name="verifyResponseHeaderValue" time="0.01"/>
  <testcase classname="Products.All_Product_List_GET_Request" name="verifyStatusCode" time="0.003"/>
</testsuite> <!-- Test All_Product_List_GET_Request -->
