<?xml version="1.0" encoding="UTF-8"?>
<testng-results ignored="0" total="2" passed="2" failed="0" skipped="0">
  <reporter-output>
  </reporter-output>
  <suite started-at="2021-11-28T17:19:49 IST" name="Suite" finished-at="2021-11-28T17:19:56 IST" duration-ms="7401">
    <groups>
    </groups>
    <test started-at="2021-11-28T17:19:49 IST" name="Test All_Brand_List_PUT_Request" finished-at="2021-11-28T17:19:56 IST" duration-ms="7401">
      <class name="Brands.All_Brand_List_PUT_Request">
        <test-method is-config="true" signature="beforeRequest()[pri:0, instance:Brands.All_Brand_List_PUT_Request@7db0565c]" started-at="2021-11-28T17:19:49 IST" name="beforeRequest" finished-at="2021-11-28T17:19:55 IST" duration-ms="5741" status="PASS">
          <reporter-output>
          </reporter-output>
        </test-method> <!-- beforeRequest -->
        <test-method signature="verifyResponseBodyValue()[pri:0, instance:Brands.All_Brand_List_PUT_Request@7db0565c]" started-at="2021-11-28T17:19:55 IST" name="verifyResponseBodyValue" finished-at="2021-11-28T17:19:56 IST" duration-ms="1539" status="PASS">
          <reporter-output>
          </reporter-output>
        </test-method> <!-- verifyResponseBodyValue -->
        <test-method signature="verifyStatusCode()[pri:0, instance:Brands.All_Brand_List_PUT_Request@7db0565c]" started-at="2021-11-28T17:19:56 IST" name="verifyStatusCode" finished-at="2021-11-28T17:19:56 IST" duration-ms="12" status="PASS">
          <reporter-output>
          </reporter-output>
        </test-method> <!-- verifyStatusCode -->
      </class> <!-- Brands.All_Brand_List_PUT_Request -->
    </test> <!-- Test All_Brand_List_PUT_Request -->
  </suite> <!-- Suite -->
</testng-results>
