<?xml version="1.0" encoding="UTF-8"?>
<testng-results ignored="0" total="3" passed="3" failed="0" skipped="0">
  <reporter-output>
  </reporter-output>
  <suite started-at="2021-11-27T23:52:26 IST" name="Suite" finished-at="2021-11-27T23:52:34 IST" duration-ms="7451">
    <groups>
    </groups>
    <test started-at="2021-11-27T23:52:26 IST" name="Test All_Product_List_GET_Request" finished-at="2021-11-27T23:52:34 IST" duration-ms="7451">
      <class name="Products.All_Product_List_GET_Request">
        <test-method is-config="true" signature="beforeRequest()[pri:0, instance:Products.All_Product_List_GET_Request@54ec8cc9]" started-at="2021-11-27T23:52:26 IST" name="beforeRequest" finished-at="2021-11-27T23:52:32 IST" duration-ms="5654" status="PASS">
          <reporter-output>
          </reporter-output>
        </test-method> <!-- beforeRequest -->
        <test-method signature="verifyResponseBodyValueForRequest()[pri:0, instance:Products.All_Product_List_GET_Request@54ec8cc9]" started-at="2021-11-27T23:52:32 IST" name="verifyResponseBodyValueForRequest" finished-at="2021-11-27T23:52:34 IST" duration-ms="1682" status="PASS">
          <reporter-output>
          </reporter-output>
        </test-method> <!-- verifyResponseBodyValueForRequest -->
        <test-method signature="verifyResponseHeaderValue()[pri:0, instance:Products.All_Product_List_GET_Request@54ec8cc9]" started-at="2021-11-27T23:52:34 IST" name="verifyResponseHeaderValue" finished-at="2021-11-27T23:52:34 IST" duration-ms="10" status="PASS">
          <reporter-output>
          </reporter-output>
        </test-method> <!-- verifyResponseHeaderValue -->
        <test-method signature="verifyStatusCode()[pri:0, instance:Products.All_Product_List_GET_Request@54ec8cc9]" started-at="2021-11-27T23:52:34 IST" name="verifyStatusCode" finished-at="2021-11-27T23:52:34 IST" duration-ms="3" status="PASS">
          <reporter-output>
          </reporter-output>
        </test-method> <!-- verifyStatusCode -->
      </class> <!-- Products.All_Product_List_GET_Request -->
    </test> <!-- Test All_Product_List_GET_Request -->
  </suite> <!-- Suite -->
</testng-results>
